<?xml version="1.0" encoding="UTF-8"?>
<!-- Generated by org.testng.reporters.JUnitReportReporter -->
<testsuite hostname="LAPTOP-7KGDHMJ9" failures="0" tests="1" name="Walmartpackage.Wal" time="12.261" errors="0" timestamp="2022-03-23T21:41:55 EDT" skipped="0">
  <testcase classname="Walmartpackage.Wal" name="CreateAccount" time="12.261"/>
  <system-out/>
</testsuite> <!-- Walmartpackage.Wal -->
